  invoiceitem.cpp
C:\Users\epicn\source\repos\116hw11good\116hw11good\invoiceitem.cpp(5,2): error C2248: 'Product::description': cannot access private member declared in class 'Product'
C:\Users\epicn\source\repos\116hw11good\116hw11good\product.h(10): message : see declaration of 'Product::description'
C:\Users\epicn\source\repos\116hw11good\116hw11good\product.h(7): message : see declaration of 'Product'
C:\Users\epicn\source\repos\116hw11good\116hw11good\invoiceitem.cpp(6,2): error C2248: 'Product::price': cannot access private member declared in class 'Product'
C:\Users\epicn\source\repos\116hw11good\116hw11good\product.h(11): message : see declaration of 'Product::price'
C:\Users\epicn\source\repos\116hw11good\116hw11good\product.h(7): message : see declaration of 'Product'
C:\Users\epicn\source\repos\116hw11good\116hw11good\invoiceitem.cpp(12,2): error C2248: 'Product::description': cannot access private member declared in class 'Product'
C:\Users\epicn\source\repos\116hw11good\116hw11good\product.h(10): message : see declaration of 'Product::description'
C:\Users\epicn\source\repos\116hw11good\116hw11good\product.h(7): message : see declaration of 'Product'
C:\Users\epicn\source\repos\116hw11good\116hw11good\invoiceitem.cpp(13,2): error C2248: 'Product::price': cannot access private member declared in class 'Product'
C:\Users\epicn\source\repos\116hw11good\116hw11good\product.h(11): message : see declaration of 'Product::price'
C:\Users\epicn\source\repos\116hw11good\116hw11good\product.h(7): message : see declaration of 'Product'
C:\Users\epicn\source\repos\116hw11good\116hw11good\invoiceitem.cpp(29,20): error C2248: 'Product::price': cannot access private member declared in class 'Product'
C:\Users\epicn\source\repos\116hw11good\116hw11good\product.h(11): message : see declaration of 'Product::price'
C:\Users\epicn\source\repos\116hw11good\116hw11good\product.h(7): message : see declaration of 'Product'
C:\Users\epicn\source\repos\116hw11good\116hw11good\invoiceitem.cpp(34,39): error C2248: 'Product::description': cannot access private member declared in class 'Product'
C:\Users\epicn\source\repos\116hw11good\116hw11good\product.h(10): message : see declaration of 'Product::description'
C:\Users\epicn\source\repos\116hw11good\116hw11good\product.h(7): message : see declaration of 'Product'
C:\Users\epicn\source\repos\116hw11good\116hw11good\invoiceitem.cpp(34,70): error C2248: 'Product::price': cannot access private member declared in class 'Product'
C:\Users\epicn\source\repos\116hw11good\116hw11good\product.h(11): message : see declaration of 'Product::price'
C:\Users\epicn\source\repos\116hw11good\116hw11good\product.h(7): message : see declaration of 'Product'
